[12-Apr-2019 01:26:48 UTC] PHP Warning:  file_get_contents(data.json): failed to open stream: No such file or directory in /home/ubuntu/workspace/MovieRental/backend/populateItemDB.php on line 10
[12-Apr-2019 01:26:48 UTC] PHP Stack trace:
[12-Apr-2019 01:26:48 UTC] PHP   1. {main}() /home/ubuntu/workspace/MovieRental/backend/populateItemDB.php:0
[12-Apr-2019 01:26:48 UTC] PHP   2. file_get_contents() /home/ubuntu/workspace/MovieRental/backend/populateItemDB.php:10
[12-Apr-2019 01:26:48 UTC] PHP Warning:  Invalid argument supplied for foreach() in /home/ubuntu/workspace/MovieRental/backend/populateItemDB.php on line 14
[12-Apr-2019 01:26:48 UTC] PHP Stack trace:
[12-Apr-2019 01:26:48 UTC] PHP   1. {main}() /home/ubuntu/workspace/MovieRental/backend/populateItemDB.php:0
[12-Apr-2019 01:44:34 UTC] PHP Fatal error:  Uncaught exception 'PDOException' with message 'SQLSTATE[42000]: Syntax error or access violation: 1064 You have an error in your SQL syntax; check the manual that corresponds to your MySQL server version for the right syntax to use near 's offbeat characters.', '/5damnMcRFKSjhCirgX3CMa88MBj.jpg', '/a1MlbLBk5Sy6YvMbSu' at line 1' in /home/ubuntu/workspace/MovieRental/backend/populateItemDB.php:26
Stack trace:
#0 /home/ubuntu/workspace/MovieRental/backend/populateItemDB.php(26): PDOStatement->execute(NULL)
#1 {main}
  thrown in /home/ubuntu/workspace/MovieRental/backend/populateItemDB.php on line 26
[12-Apr-2019 01:45:10 UTC] PHP Fatal error:  Uncaught exception 'PDOException' with message 'SQLSTATE[42000]: Syntax error or access violation: 1064 You have an error in your SQL syntax; check the manual that corresponds to your MySQL server version for the right syntax to use near 's offbeat characters.', '/5damnMcRFKSjhCirgX3CMa88MBj.jpg', '/a1MlbLBk5Sy6YvMbSu' at line 1' in /home/ubuntu/workspace/MovieRental/backend/populateItemDB.php:26
Stack trace:
#0 /home/ubuntu/workspace/MovieRental/backend/populateItemDB.php(26): PDOStatement->execute()
#1 {main}
  thrown in /home/ubuntu/workspace/MovieRental/backend/populateItemDB.php on line 26
[12-Apr-2019 01:50:36 UTC] PHP Parse error:  syntax error, unexpected ')' in /home/ubuntu/workspace/MovieRental/backend/populateItemDB.php on line 23
[12-Apr-2019 01:52:05 UTC] PHP Fatal error:  Uncaught exception 'PDOException' with message 'SQLSTATE[42000]: Syntax error or access violation: 1064 You have an error in your SQL syntax; check the manual that corresponds to your MySQL server version for the right syntax to use near ''name', 'description', 'poster', 'backdrop', 'rating', 'price') VALUES ('Shazam!' at line 1' in /home/ubuntu/workspace/MovieRental/backend/populateItemDB.php:26
Stack trace:
#0 /home/ubuntu/workspace/MovieRental/backend/populateItemDB.php(26): PDOStatement->execute()
#1 {main}
  thrown in /home/ubuntu/workspace/MovieRental/backend/populateItemDB.php on line 26
[12-Apr-2019 01:53:10 UTC] PHP Fatal error:  Uncaught exception 'PDOException' with message 'SQLSTATE[42000]: Syntax error or access violation: 1064 You have an error in your SQL syntax; check the manual that corresponds to your MySQL server version for the right syntax to use near ''name', 'description', 'poster', 'backdrop', 'rating', 'price') VALUES ('Shazam!' at line 1' in /home/ubuntu/workspace/MovieRental/backend/populateItemDB.php:26
Stack trace:
#0 /home/ubuntu/workspace/MovieRental/backend/populateItemDB.php(26): PDOStatement->execute()
#1 {main}
  thrown in /home/ubuntu/workspace/MovieRental/backend/populateItemDB.php on line 26
[12-Apr-2019 01:56:40 UTC] PHP Fatal error:  Uncaught exception 'PDOException' with message 'SQLSTATE[42000]: Syntax error or access violation: 1064 You have an error in your SQL syntax; check the manual that corresponds to your MySQL server version for the right syntax to use near ''name', 'description', 'poster', 'backdrop', 'rating', 'price') VALUES ('Shazam!' at line 1' in /home/ubuntu/workspace/MovieRental/backend/populateItemDB.php:28
Stack trace:
#0 /home/ubuntu/workspace/MovieRental/backend/populateItemDB.php(28): PDOStatement->execute()
#1 {main}
  thrown in /home/ubuntu/workspace/MovieRental/backend/populateItemDB.php on line 28
